<?xml version="1.0" encoding="UTF-8"?>
<!-- Generated by org.testng.reporters.JUnitReportReporter -->
<testsuite hostname="TINMAA-LWX-0026" failures="0" tests="1" name="Test.TI" time="56.819" errors="0" timestamp="2024-02-05T13:56:19 IST" skipped="0">
  <testcase classname="Test.TI" name="test" time="56.819"/>
</testsuite> <!-- Test.TI -->
