<?xml version="1.0" encoding="UTF-8"?>
<!-- Generated by org.testng.reporters.JUnitReportReporter -->
<testsuite hostname="TINMAA-LWX-0026" failures="0" tests="1" name="Test.EditDashboard" time="61.114" errors="0" timestamp="2024-02-20T10:26:36 IST" skipped="0">
  <testcase classname="Test.EditDashboard" name="test" time="61.114"/>
</testsuite> <!-- Test.EditDashboard -->
