<?xml version="1.0" encoding="UTF-8"?>
<!-- Generated by org.testng.reporters.JUnitReportReporter -->
<testsuite hostname="TINMAA-LWX-0026" failures="0" tests="1" name="GL_App.GL_Application" time="215.104" errors="0" timestamp="2024-02-16T17:51:00 IST" skipped="0">
  <testcase classname="GL_App.GL_Application" name="test" time="215.104"/>
</testsuite> <!-- GL_App.GL_Application -->
